# JRE version: OpenJDK Runtime Environment Microsoft-40648 (11.0.16.1+1) (build 11.0.16.1+1-LTS)
# Java VM: OpenJDK 64-Bit Server VM Microsoft-40648 (11.0.16.1+1-LTS, mixed mode, tiered, compressed oops, g1 gc, windows-amd64)
Heap:
 garbage-first heap   total 159744K, used 54577K [0x0000000080000000, 0x0000000100000000)
  region size 1024K, 41 young (41984K), 7 survivors (7168K)
 Metaspace       used 62914K, capacity 64436K, committed 64560K, reserved 1105920K
  class space    used 7758K, capacity 8340K, committed 8416K, reserved 1048576K
GC Heap History (16 events):
Event: 1.448 GC heap before
{Heap before GC invocations=0 (full 0):
 garbage-first heap   total 131072K, used 14336K [0x0000000080000000, 0x0000000100000000)
  region size 1024K, 14 young (14336K), 0 survivors (0K)
 Metaspace       used 9130K, capacity 9232K, committed 9344K, reserved 1058816K
  class space    used 794K, capacity 841K, committed 896K, reserved 1048576K
}
Event: 1.487 GC heap after
{Heap after GC invocations=1 (full 0):
 garbage-first heap   total 131072K, used 6262K [0x0000000080000000, 0x0000000100000000)
  region size 1024K, 2 young (2048K), 2 survivors (2048K)
 Metaspace       used 9130K, capacity 9232K, committed 9344K, reserved 1058816K
  class space    used 794K, capacity 841K, committed 896K, reserved 1048576K
}
Event: 1.897 GC heap before
{Heap before GC invocations=1 (full 0):
 garbage-first heap   total 131072K, used 15478K [0x0000000080000000, 0x0000000100000000)
  region size 1024K, 11 young (11264K), 2 survivors (2048K)
 Metaspace       used 10860K, capacity 10957K, committed 11136K, reserved 1058816K
  class space    used 998K, capacity 1035K, committed 1152K, reserved 1048576K
}
Event: 1.900 GC heap after
{Heap after GC invocations=2 (full 0):
 garbage-first heap   total 131072K, used 6625K [0x0000000080000000, 0x0000000100000000)
  region size 1024K, 1 young (1024K), 1 survivors (1024K)
 Metaspace       used 10860K, capacity 10957K, committed 11136K, reserved 1058816K
  class space    used 998K, capacity 1035K, committed 1152K, reserved 1048576K
}
Event: 3.368 GC heap before
{Heap before GC invocations=2 (full 0):
 garbage-first heap   total 131072K, used 37345K [0x0000000080000000, 0x0000000100000000)
  region size 1024K, 31 young (31744K), 1 survivors (1024K)
 Metaspace       used 17411K, capacity 17797K, committed 17920K, reserved 1064960K
  class space    used 1813K, capacity 1984K, committed 2048K, reserved 1048576K
}
Event: 3.392 GC heap after
{Heap after GC invocations=3 (full 0):
 garbage-first heap   total 131072K, used 8452K [0x0000000080000000, 0x0000000100000000)
  region size 1024K, 3 young (3072K), 3 survivors (3072K)
 Metaspace       used 17411K, capacity 17797K, committed 17920K, reserved 1064960K
  class space    used 1813K, capacity 1984K, committed 2048K, reserved 1048576K
}
Event: 3.804 GC heap before
{Heap before GC invocations=3 (full 0):
 garbage-first heap   total 131072K, used 26884K [0x0000000080000000, 0x0000000100000000)
  region size 1024K, 22 young (22528K), 3 survivors (3072K)
 Metaspace       used 20651K, capacity 21151K, committed 21296K, reserved 1069056K
  class space    used 2171K, capacity 2380K, committed 2432K, reserved 1048576K
}
Event: 3.808 GC heap after
{Heap after GC invocations=4 (full 0):
 garbage-first heap   total 131072K, used 8769K [0x0000000080000000, 0x0000000100000000)
  region size 1024K, 3 young (3072K), 3 survivors (3072K)
 Metaspace       used 20651K, capacity 21151K, committed 21296K, reserved 1069056K
  class space    used 2171K, capacity 2380K, committed 2432K, reserved 1048576K
}
Event: 6.118 GC heap before
{Heap before GC invocations=5 (full 0):
 garbage-first heap   total 131072K, used 72257K [0x0000000080000000, 0x0000000100000000)
  region size 1024K, 66 young (67584K), 3 survivors (3072K)
 Metaspace       used 27297K, capacity 27994K, committed 28336K, reserved 1075200K
  class space    used 2982K, capacity 3223K, committed 3328K, reserved 1048576K
}
Event: 6.127 GC heap after
{Heap after GC invocations=6 (full 0):
 garbage-first heap   total 131072K, used 10876K [0x0000000080000000, 0x0000000100000000)
  region size 1024K, 5 young (5120K), 5 survivors (5120K)
 Metaspace       used 27297K, capacity 27994K, committed 28336K, reserved 1075200K
  class space    used 2982K, capacity 3223K, committed 3328K, reserved 1048576K
}
Event: 10.274 GC heap before
{Heap before GC invocations=6 (full 0):
 garbage-first heap   total 131072K, used 65148K [0x0000000080000000, 0x0000000100000000)
  region size 1024K, 59 young (60416K), 5 survivors (5120K)
 Metaspace       used 34825K, capacity 35806K, committed 35920K, reserved 1081344K
  class space    used 3958K, capacity 4328K, committed 4352K, reserved 1048576K
}
Event: 10.290 GC heap after
{Heap after GC invocations=7 (full 0):
 garbage-first heap   total 131072K, used 14141K [0x0000000080000000, 0x0000000100000000)
  region size 1024K, 8 young (8192K), 8 survivors (8192K)
 Metaspace       used 34825K, capacity 35806K, committed 35920K, reserved 1081344K
  class space    used 3958K, capacity 4328K, committed 4352K, reserved 1048576K
}
Event: 13.320 GC heap before
{Heap before GC invocations=8 (full 0):
 garbage-first heap   total 131072K, used 83773K [0x0000000080000000, 0x0000000100000000)
  region size 1024K, 76 young (77824K), 8 survivors (8192K)
 Metaspace       used 46555K, capacity 47816K, committed 47952K, reserved 1091584K
  class space    used 5556K, capacity 6055K, committed 6144K, reserved 1048576K
}
Event: 13.339 GC heap after
{Heap after GC invocations=9 (full 0):
 garbage-first heap   total 131072K, used 18538K [0x0000000080000000, 0x0000000100000000)
  region size 1024K, 8 young (8192K), 8 survivors (8192K)
 Metaspace       used 46555K, capacity 47816K, committed 47952K, reserved 1091584K
  class space    used 5556K, capacity 6055K, committed 6144K, reserved 1048576K
}
Event: 16.862 GC heap before
{Heap before GC invocations=9 (full 0):
 garbage-first heap   total 131072K, used 84074K [0x0000000080000000, 0x0000000100000000)
  region size 1024K, 73 young (74752K), 8 survivors (8192K)
 Metaspace       used 58656K, capacity 59956K, committed 60080K, reserved 1101824K
  class space    used 7182K, capacity 7701K, committed 7776K, reserved 1048576K
}
Event: 16.876 GC heap after
{Heap after GC invocations=10 (full 0):
 garbage-first heap   total 159744K, used 20785K [0x0000000080000000, 0x0000000100000000)
  region size 1024K, 7 young (7168K), 7 survivors (7168K)
 Metaspace       used 58656K, capacity 59956K, committed 60080K, reserved 1101824K
  class space    used 7182K, capacity 7701K, committed 7776K, reserved 1048576K
}

